Plugins:
Bundled analyzers:
  - JaCoCo 1.3.0.1538 (jacoco)
  - IaC Code Quality and Security 1.46.0.15097 (iac)
  - Text Code Quality and Security 2.21.1.5779 (text)
  - Clean as You Code 2.4.0.2018 (cayc)
Global server settings:
  - sonar.azureresourcemanager.file.suffixes=.bicep
  - sonar.core.id=147B411E-AZbQ02HAYApHwr7ZJOQI
  - sonar.core.startTime=2025-05-14T22:03:53+0000
  - sonar.cs.file.suffixes=.cs,.razor
  - sonar.css.file.suffixes=.css,.less,.scss,.sass
  - sonar.docker.file.patterns=Dockerfile,*.dockerfile
  - sonar.flex.file.suffixes=as
  - sonar.forceAuthentication=true
  - sonar.go.file.suffixes=.go
  - sonar.html.file.suffixes=.html,.xhtml,.cshtml,.vbhtml,.aspx,.ascx,.rhtml,.erb,.shtm,.shtml,.cmp,.twig
  - sonar.ipynb.file.suffixes=ipynb
  - sonar.java.file.suffixes=.java,.jav
  - sonar.java.jvmframeworkconfig.file.patterns=**/src/main/resources/**/*app*.properties,**/src/main/resources/**/*app*.yaml,**/src/main/resources/**/*app*.yml
  - sonar.javascript.file.suffixes=.js,.jsx,.cjs,.mjs,.vue
  - sonar.json.file.suffixes=.json
  - sonar.jsp.file.suffixes=.jsp,.jspf,.jspx
  - sonar.kotlin.file.suffixes=.kt,.kts
  - sonar.multi-quality-mode.enabled=true
  - sonar.php.file.suffixes=php,php3,php4,php5,phtml,inc
  - sonar.python.file.suffixes=py
  - sonar.qualityProfiles.allowDisableInheritedRules=true
  - sonar.ruby.file.suffixes=.rb
  - sonar.rust.file.suffixes=.rs
  - sonar.scala.file.suffixes=.scala
  - sonar.terraform.file.suffixes=.tf
  - sonar.typescript.file.suffixes=.ts,.tsx,.cts,.mts
  - sonar.vbnet.file.suffixes=.vb
  - sonar.xml.file.suffixes=.xml,.xsd,.xsl,.config
  - sonar.yaml.file.suffixes=.yaml,.yml
Project server settings:
  - sonar.azureresourcemanager.file.suffixes=.bicep
  - sonar.cs.file.suffixes=.cs,.razor
  - sonar.css.file.suffixes=.css,.less,.scss,.sass
  - sonar.docker.file.patterns=Dockerfile,*.dockerfile
  - sonar.flex.file.suffixes=as
  - sonar.go.file.suffixes=.go
  - sonar.html.file.suffixes=.html,.xhtml,.cshtml,.vbhtml,.aspx,.ascx,.rhtml,.erb,.shtm,.shtml,.cmp,.twig
  - sonar.ipynb.file.suffixes=ipynb
  - sonar.java.file.suffixes=.java,.jav
  - sonar.java.jvmframeworkconfig.file.patterns=**/src/main/resources/**/*app*.properties,**/src/main/resources/**/*app*.yaml,**/src/main/resources/**/*app*.yml
  - sonar.javascript.file.suffixes=.js,.jsx,.cjs,.mjs,.vue
  - sonar.json.file.suffixes=.json
  - sonar.jsp.file.suffixes=.jsp,.jspf,.jspx
  - sonar.kotlin.file.suffixes=.kt,.kts
  - sonar.php.file.suffixes=php,php3,php4,php5,phtml,inc
  - sonar.python.file.suffixes=py
  - sonar.ruby.file.suffixes=.rb
  - sonar.rust.file.suffixes=.rs
  - sonar.scala.file.suffixes=.scala
  - sonar.terraform.file.suffixes=.tf
  - sonar.typescript.file.suffixes=.ts,.tsx,.cts,.mts
  - sonar.vbnet.file.suffixes=.vb
  - sonar.xml.file.suffixes=.xml,.xsd,.xsl,.config
  - sonar.yaml.file.suffixes=.yaml,.yml
Project scanner properties:
  - sonar.binaries=D:\Ulises\Factultad\Facultad\2025\Ingeniería de Software\Taller de CICD\Taller-CI-CD\ci-taller-demo\target\classes
  - sonar.groovy.binaries=D:\Ulises\Factultad\Facultad\2025\Ingeniería de Software\Taller de CICD\Taller-CI-CD\ci-taller-demo\target\classes
  - sonar.host.url=http://localhost:9000
  - sonar.java.binaries=D:\Ulises\Factultad\Facultad\2025\Ingeniería de Software\Taller de CICD\Taller-CI-CD\ci-taller-demo\target\classes
  - sonar.java.enablePreview=false
  - sonar.java.libraries=C:\Users\Usuario\.m2\repository\org\springframework\boot\spring-boot-starter-web\2.7.15\spring-boot-starter-web-2.7.15.jar,C:\Users\Usuario\.m2\repository\org\springframework\boot\spring-boot-starter\2.7.15\spring-boot-starter-2.7.15.jar,C:\Users\Usuario\.m2\repository\org\springframework\boot\spring-boot\2.7.15\spring-boot-2.7.15.jar,C:\Users\Usuario\.m2\repository\org\springframework\boot\spring-boot-autoconfigure\2.7.15\spring-boot-autoconfigure-2.7.15.jar,C:\Users\Usuario\.m2\repository\org\springframework\boot\spring-boot-starter-logging\2.7.15\spring-boot-starter-logging-2.7.15.jar,C:\Users\Usuario\.m2\repository\ch\qos\logback\logback-classic\1.2.12\logback-classic-1.2.12.jar,C:\Users\Usuario\.m2\repository\ch\qos\logback\logback-core\1.2.12\logback-core-1.2.12.jar,C:\Users\Usuario\.m2\repository\org\apache\logging\log4j\log4j-to-slf4j\2.17.2\log4j-to-slf4j-2.17.2.jar,C:\Users\Usuario\.m2\repository\org\apache\logging\log4j\log4j-api\2.17.2\log4j-api-2.17.2.jar,C:\Users\Usuar...
  - sonar.java.source=1.8
  - sonar.java.target=1.8
  - sonar.java.test.binaries=D:\Ulises\Factultad\Facultad\2025\Ingeniería de Software\Taller de CICD\Taller-CI-CD\ci-taller-demo\target\test-classes
  - sonar.java.test.libraries=D:\Ulises\Factultad\Facultad\2025\Ingeniería de Software\Taller de CICD\Taller-CI-CD\ci-taller-demo\target\classes,C:\Users\Usuario\.m2\repository\org\springframework\boot\spring-boot-starter-web\2.7.15\spring-boot-starter-web-2.7.15.jar,C:\Users\Usuario\.m2\repository\org\springframework\boot\spring-boot-starter\2.7.15\spring-boot-starter-2.7.15.jar,C:\Users\Usuario\.m2\repository\org\springframework\boot\spring-boot\2.7.15\spring-boot-2.7.15.jar,C:\Users\Usuario\.m2\repository\org\springframework\boot\spring-boot-autoconfigure\2.7.15\spring-boot-autoconfigure-2.7.15.jar,C:\Users\Usuario\.m2\repository\org\springframework\boot\spring-boot-starter-logging\2.7.15\spring-boot-starter-logging-2.7.15.jar,C:\Users\Usuario\.m2\repository\ch\qos\logback\logback-classic\1.2.12\logback-classic-1.2.12.jar,C:\Users\Usuario\.m2\repository\ch\qos\logback\logback-core\1.2.12\logback-core-1.2.12.jar,C:\Users\Usuario\.m2\repository\org\apache\logging\log4j\log4j-to-slf4j\2.17.2\log4j-to-slf4j-2.17....
  - sonar.junit.reportPaths=D:\Ulises\Factultad\Facultad\2025\Ingeniería de Software\Taller de CICD\Taller-CI-CD\ci-taller-demo\target\surefire-reports
  - sonar.junit.reportsPath=D:\Ulises\Factultad\Facultad\2025\Ingeniería de Software\Taller de CICD\Taller-CI-CD\ci-taller-demo\target\surefire-reports
  - sonar.libraries=C:\Users\Usuario\.m2\repository\org\springframework\boot\spring-boot-starter-web\2.7.15\spring-boot-starter-web-2.7.15.jar,C:\Users\Usuario\.m2\repository\org\springframework\boot\spring-boot-starter\2.7.15\spring-boot-starter-2.7.15.jar,C:\Users\Usuario\.m2\repository\org\springframework\boot\spring-boot\2.7.15\spring-boot-2.7.15.jar,C:\Users\Usuario\.m2\repository\org\springframework\boot\spring-boot-autoconfigure\2.7.15\spring-boot-autoconfigure-2.7.15.jar,C:\Users\Usuario\.m2\repository\org\springframework\boot\spring-boot-starter-logging\2.7.15\spring-boot-starter-logging-2.7.15.jar,C:\Users\Usuario\.m2\repository\ch\qos\logback\logback-classic\1.2.12\logback-classic-1.2.12.jar,C:\Users\Usuario\.m2\repository\ch\qos\logback\logback-core\1.2.12\logback-core-1.2.12.jar,C:\Users\Usuario\.m2\repository\org\apache\logging\log4j\log4j-to-slf4j\2.17.2\log4j-to-slf4j-2.17.2.jar,C:\Users\Usuario\.m2\repository\org\apache\logging\log4j\log4j-api\2.17.2\log4j-api-2.17.2.jar,C:\Users\Usuar...
  - sonar.links.ci=
  - sonar.links.homepage=https://spring.io/projects/spring-boot/demo
  - sonar.links.issue=
  - sonar.links.scm=https://github.com/spring-projects/spring-boot/demo
  - sonar.links.scm_dev=
  - sonar.moduleKey=Taller-CI-CD
  - sonar.projectBaseDir=D:\Ulises\Factultad\Facultad\2025\Ingeniería de Software\Taller de CICD\Taller-CI-CD\ci-taller-demo
  - sonar.projectBuildDir=D:\Ulises\Factultad\Facultad\2025\Ingeniería de Software\Taller de CICD\Taller-CI-CD\ci-taller-demo\target
  - sonar.projectDescription=Demo project for Spring Boot
  - sonar.projectKey=Taller-CI-CD
  - sonar.projectName='Taller-CI-CD'
  - sonar.projectVersion=0.0.1-SNAPSHOT
  - sonar.scanner.app=ScannerMaven
  - sonar.scanner.appVersion=4.0.0.4121/3.9.1
  - sonar.sourceEncoding=UTF-8
  - sonar.sources=D:\Ulises\Factultad\Facultad\2025\Ingeniería de Software\Taller de CICD\Taller-CI-CD\ci-taller-demo\pom.xml,D:\Ulises\Factultad\Facultad\2025\Ingeniería de Software\Taller de CICD\Taller-CI-CD\ci-taller-demo\src\main\java
  - sonar.tests=D:\Ulises\Factultad\Facultad\2025\Ingeniería de Software\Taller de CICD\Taller-CI-CD\ci-taller-demo\src\test\java
  - sonar.token=******
  - sonar.verbose=true
  - sonar.working.directory=D:\Ulises\Factultad\Facultad\2025\Ingeniería de Software\Taller de CICD\Taller-CI-CD\ci-taller-demo\target\sonar
